<?xml version="1.0" encoding="UTF-8"?>
<!-- Generated by org.testng.reporters.JUnitReportReporter -->
<testsuite hostname="SOURAV-PC" failures="0" tests="1" name="com.crm.Vtiger.LeadsTest.TC_06_createLeadByNewLeadSource" time="27.754" errors="0" timestamp="2021-09-12T16:27:23 IST" skipped="0">
  <testcase classname="com.crm.Vtiger.LeadsTest.TC_06_createLeadByNewLeadSource" name="loginTest" time="27.754"/>
  <system-out/>
</testsuite> <!-- com.crm.Vtiger.LeadsTest.TC_06_createLeadByNewLeadSource -->
