<?xml version="1.0" encoding="UTF-8"?>
<!-- Generated by org.testng.reporters.JUnitReportReporter -->
<testsuite hostname="SOURAV-PC" failures="0" tests="1" name="com.crm.Vtiger.LeadsTest.JustLoginLogout" time="23.110" errors="0" timestamp="2021-09-12T07:10:24 IST" skipped="0">
  <testcase classname="com.crm.Vtiger.LeadsTest.JustLoginLogout" name="loginTest" time="23.110"/>
  <system-out/>
</testsuite> <!-- com.crm.Vtiger.LeadsTest.JustLoginLogout -->
