<?xml version="1.0" encoding="UTF-8"?>
<!-- Generated by org.testng.reporters.JUnitReportReporter -->
<testsuite hostname="SOURAV-PC" failures="0" tests="1" name="com.crm.Vtiger.LeadsTest.TC_08_createLeadByDiffrentLeadStatus" time="22.142" errors="0" timestamp="2021-09-12T17:20:43 IST" skipped="0">
  <testcase classname="com.crm.Vtiger.LeadsTest.TC_08_createLeadByDiffrentLeadStatus" name="loginTest" time="22.142"/>
  <system-out/>
</testsuite> <!-- com.crm.Vtiger.LeadsTest.TC_08_createLeadByDiffrentLeadStatus -->
