<?xml version="1.0" encoding="UTF-8"?>
<!-- Generated by org.testng.reporters.JUnitReportReporter -->
<testsuite hostname="SOURAV-PC" failures="0" tests="1" name="com.crm.Vtiger.LeadsTest.TC_10_createLeadByAssignToGroup" time="21.803" errors="0" timestamp="2021-09-12T18:10:54 IST" skipped="0">
  <testcase classname="com.crm.Vtiger.LeadsTest.TC_10_createLeadByAssignToGroup" name="loginTest" time="21.803"/>
  <system-out/>
</testsuite> <!-- com.crm.Vtiger.LeadsTest.TC_10_createLeadByAssignToGroup -->
