<?xml version="1.0" encoding="UTF-8"?>
<!-- Generated by org.testng.reporters.JUnitReportReporter -->
<testsuite hostname="SOURAV-PC" failures="0" tests="1" name="com.crm.Vtiger.LeadsTest.TC_09_createLeadByDiffrentRating" time="20.258" errors="0" timestamp="2021-09-12T17:26:43 IST" skipped="0">
  <testcase classname="com.crm.Vtiger.LeadsTest.TC_09_createLeadByDiffrentRating" name="loginTest" time="20.258"/>
  <system-out/>
</testsuite> <!-- com.crm.Vtiger.LeadsTest.TC_09_createLeadByDiffrentRating -->
