<?xml version="1.0" encoding="UTF-8"?>
<!-- Generated by org.testng.reporters.JUnitReportReporter -->
<testsuite hostname="SOURAV-PC" failures="0" tests="1" name="com.crm.Vtiger.LeadsTest.TC_06_createLeadByDiffrentLeadSource" time="20.282" errors="0" timestamp="2021-09-12T17:54:06 IST" skipped="0">
  <testcase classname="com.crm.Vtiger.LeadsTest.TC_06_createLeadByDiffrentLeadSource" name="loginTest" time="20.282"/>
  <system-out/>
</testsuite> <!-- com.crm.Vtiger.LeadsTest.TC_06_createLeadByDiffrentLeadSource -->
