<?xml version="1.0" encoding="UTF-8"?>
<!-- Generated by org.testng.reporters.JUnitReportReporter -->
<testsuite hostname="SOURAV-PC" failures="0" tests="1" name="com.crm.Vtiger.LeadsTest.TC_10_createLeadByAssignToGroupTest" time="14.505" errors="0" timestamp="2021-09-17T12:07:42 IST" skipped="0">
  <testcase classname="com.crm.Vtiger.LeadsTest.TC_10_createLeadByAssignToGroupTest" name="loginTest" time="14.505"/>
  <system-out/>
</testsuite> <!-- com.crm.Vtiger.LeadsTest.TC_10_createLeadByAssignToGroupTest -->
