<?xml version="1.0" encoding="UTF-8"?>
<!-- Generated by org.testng.reporters.JUnitReportReporter -->
<testsuite hostname="SOURAV-PC" failures="0" tests="1" name="com.crm.Vtiger.LeadsTest.TC_07_createLeadByDiffrentIndustry" time="21.056" errors="0" timestamp="2021-09-12T16:49:42 IST" skipped="0">
  <testcase classname="com.crm.Vtiger.LeadsTest.TC_07_createLeadByDiffrentIndustry" name="loginTest" time="21.056"/>
  <system-out/>
</testsuite> <!-- com.crm.Vtiger.LeadsTest.TC_07_createLeadByDiffrentIndustry -->
