<?xml version="1.0" encoding="UTF-8"?>
<!-- Generated by org.testng.reporters.JUnitReportReporter -->
<testsuite hostname="SOURAV-PC" failures="0" tests="1" name="com.crm.Vtiger.LeadsTest.TC_08_createLeadByDiffrentLeadStatusTest" time="28.684" errors="0" timestamp="2021-09-18T19:20:37 IST" skipped="0">
  <testcase classname="com.crm.Vtiger.LeadsTest.TC_08_createLeadByDiffrentLeadStatusTest" name="loginTest" time="28.684"/>
  <system-out/>
</testsuite> <!-- com.crm.Vtiger.LeadsTest.TC_08_createLeadByDiffrentLeadStatusTest -->
