<?xml version="1.0" encoding="UTF-8"?>
<!-- Generated by org.testng.reporters.JUnitReportReporter -->
<testsuite hostname="SOURAV-PC" failures="0" tests="4" name="practice.CreateLeadWithDataProvider" time="43.599" errors="0" timestamp="2021-09-15T23:23:09 IST" skipped="0">
  <testcase classname="practice.CreateLeadWithDataProvider" name="createLeadWithMultipleData" time="11.171"/>
  <system-out/>
  <testcase classname="practice.CreateLeadWithDataProvider" name="createLeadWithMultipleData" time="11.020"/>
  <system-out/>
  <testcase classname="practice.CreateLeadWithDataProvider" name="createLeadWithMultipleData" time="10.906"/>
  <system-out/>
  <testcase classname="practice.CreateLeadWithDataProvider" name="createLeadWithMultipleData" time="10.502"/>
  <system-out/>
</testsuite> <!-- practice.CreateLeadWithDataProvider -->
